Построение начато 03.06.2023 21:24:25.
     1>Проект "c:\Users\pyroliver\documents\visual studio 2010\Projects\pr6_49(fix)\pr6_49(fix)\pr6_49(fix).vcxproj" в узле 2 (целевые объекты build).
     1>InitializeBuildStatus:
         Обращение к "Debug\pr6_49(fix).unsuccessfulbuild".
       GenerateTargetFrameworkMonikerAttribute:
       Целевой объект "GenerateTargetFrameworkMonikerAttribute" пропускается, так как все выходные файлы актуальны по отношению к входным.
       ClCompile:
         Для всех выходных данных обновления не требуется.
         c:\Program Files (x86)\Microsoft Visual Studio 10.0\VC\bin\CL.exe /c /AI"C:\Program Files (x86)\Reference Assemblies\Microsoft\Framework\.NETFramework\v4.0" /Zi /clr /nologo /W3 /WX- /Od /Oy- /D WIN32 /D _DEBUG /D _UNICODE /D UNICODE /EHa /MDd /GS /fp:precise /Zc:wchar_t /Zc:forScope /Yu"StdAfx.h" /Fp"Debug\pr6_49(fix).pch" /Fo"Debug\\" /Fd"Debug\vc100.pdb" /TP /FU"C:\Program Files (x86)\Reference Assemblies\Microsoft\Framework\.NETFramework\v4.0\System.Core.dll" /FU"C:\Program Files (x86)\Reference Assemblies\Microsoft\Framework\.NETFramework\v4.0\System.Data.dll" /FU"C:\Program Files (x86)\Reference Assemblies\Microsoft\Framework\.NETFramework\v4.0\System.dll" /FU"C:\Program Files (x86)\Reference Assemblies\Microsoft\Framework\.NETFramework\v4.0\System.Xml.dll" /analyze- /errorReport:prompt "pr6_49(fix).cpp" /clr:nostdlib 
         pr6_49(fix).cpp
         c:\Program Files (x86)\Microsoft Visual Studio 10.0\VC\bin\CL.exe /c /Zi /clr /nologo /W3 /WX- /Od /Oy- /D WIN32 /D _DEBUG /D _UNICODE /D UNICODE /EHa /MDd /GS /fp:precise /Zc:wchar_t /Zc:forScope /Fo"Debug\\" /Fd"Debug\vc100.pdb" /TP /analyze- /errorReport:prompt "C:\Users\PyroLiver\AppData\Local\Temp\.NETFramework,Version=v4.0.AssemblyAttributes.cpp"
         .NETFramework,Version=v4.0.AssemblyAttributes.cpp
       ResourceCompile:
         c:\Program Files (x86)\Microsoft SDKs\Windows\v7.0A\bin\rc.exe /D _UNICODE /D UNICODE /l"0x0409" /nologo /fo"Debug\app.res" app.rc 
       Link:
         c:\Program Files (x86)\Microsoft Visual Studio 10.0\VC\bin\link.exe /ERRORREPORT:PROMPT /OUT:"c:\users\pyroliver\documents\visual studio 2010\Projects\pr6_49(fix)\Debug\pr6_49(fix).exe" /INCREMENTAL /NOLOGO /MANIFEST /ManifestFile:"Debug\pr6_49(fix).exe.intermediate.manifest" /MANIFESTUAC:"level='asInvoker' uiAccess='false'" /DEBUG /PDB:"c:\users\pyroliver\documents\visual studio 2010\Projects\pr6_49(fix)\Debug\pr6_49(fix).pdb" /ASSEMBLYDEBUG /TLBID:1 /DYNAMICBASE /FIXED:NO /NXCOMPAT /MACHINE:X86 Debug\app.res
         Debug\AssemblyInfo.obj
         "Debug\pr6_49(fix).obj"
         Debug\stdafx.obj
         "Debug\.NETFramework,Version=v4.0.AssemblyAttributes.obj"
         pr6_49(fix).vcxproj -> c:\users\pyroliver\documents\visual studio 2010\Projects\pr6_49(fix)\Debug\pr6_49(fix).exe
       Manifest:
         c:\Program Files (x86)\Microsoft SDKs\Windows\v7.0A\bin\mt.exe /nologo /verbose /outputresource:"c:\users\pyroliver\documents\visual studio 2010\Projects\pr6_49(fix)\Debug\pr6_49(fix).exe;#1" /manifest "Debug\pr6_49(fix).exe.intermediate.manifest"
       FinalizeBuildStatus:
         Файл "Debug\pr6_49(fix).unsuccessfulbuild" удаляется.
         Обращение к "Debug\pr6_49(fix).lastbuildstate".
     1>Построение проекта "c:\Users\pyroliver\documents\visual studio 2010\Projects\pr6_49(fix)\pr6_49(fix)\pr6_49(fix).vcxproj" завершено (целевые объекты build).

Построение успешно завершено.

Затраченное время: 00:00:01.81
